Build started 10/7/2015 2:14:53 AM.
     1>Project "E:\PortfolioEvolver\PortfolioEvolver\PortfolioEvolver.vcxproj" on node 2 (Build target(s)).
     1>ClCompile:
         C:\Program Files (x86)\Microsoft Visual Studio 12.0\VC\bin\CL.exe /c /ZI /nologo /W3 /WX- /sdl /Od /Oy- /D WIN32 /D _DEBUG /D _CONSOLE /D _LIB /D _UNICODE /D UNICODE /Gm /EHsc /RTC1 /MDd /GS /fp:precise /Zc:wchar_t /Zc:forScope /Fo"Debug\\" /Fd"Debug\vc120.pdb" /Gd /TP /analyze- /errorReport:prompt StructHeader.cpp
         StructHeader.cpp
     1>e:\portfolioevolver\portfolioevolver\structheader.cpp(15): warning C4018: '<' : signed/unsigned mismatch
     1>e:\portfolioevolver\portfolioevolver\structheader.cpp(37): warning C4018: '<' : signed/unsigned mismatch
       Link:
         C:\Program Files (x86)\Microsoft Visual Studio 12.0\VC\bin\link.exe /ERRORREPORT:PROMPT /OUT:"E:\PortfolioEvolver\Debug\PortfolioEvolver.exe" /INCREMENTAL /NOLOGO kernel32.lib user32.lib gdi32.lib winspool.lib comdlg32.lib advapi32.lib shell32.lib ole32.lib oleaut32.lib uuid.lib odbc32.lib odbccp32.lib /MANIFEST /MANIFESTUAC:"level='asInvoker' uiAccess='false'" /manifest:embed /DEBUG /PDB:"E:\PortfolioEvolver\Debug\PortfolioEvolver.pdb" /SUBSYSTEM:CONSOLE /TLBID:1 /DYNAMICBASE /NXCOMPAT /IMPLIB:"E:\PortfolioEvolver\Debug\PortfolioEvolver.lib" /MACHINE:X86 Debug\EliteSelection.obj
         Debug\LineOfDescentManager.obj
         Debug\Main.obj
         Debug\Mutator.obj
         Debug\PopulationController.obj
         Debug\RandomAddMutator.obj
         Debug\RandomSubtractMutator.obj
         Debug\ReallocationMutator.obj
         Debug\RouletteSelection.obj
         Debug\Selector.obj
         Debug\StructHeader.obj
         Debug\TournamentSelection.obj
         PortfolioEvolver.vcxproj -> E:\PortfolioEvolver\Debug\PortfolioEvolver.exe
     1>Done Building Project "E:\PortfolioEvolver\PortfolioEvolver\PortfolioEvolver.vcxproj" (Build target(s)).

Build succeeded.

Time Elapsed 00:00:08.37
