e:\portfolioevolver\portfolioevolver\debug\vc120.pdb
e:\portfolioevolver\portfolioevolver\debug\vc120.idb
e:\portfolioevolver\portfolioevolver\debug\eliteselection.obj
e:\portfolioevolver\portfolioevolver\debug\lineofdescentmanager.obj
e:\portfolioevolver\portfolioevolver\debug\main.obj
e:\portfolioevolver\portfolioevolver\debug\mutator.obj
e:\portfolioevolver\portfolioevolver\debug\populationcontroller.obj
e:\portfolioevolver\portfolioevolver\debug\randomaddmutator.obj
e:\portfolioevolver\portfolioevolver\debug\randomsubtractmutator.obj
e:\portfolioevolver\portfolioevolver\debug\reallocationmutator.obj
e:\portfolioevolver\portfolioevolver\debug\rouletteselection.obj
e:\portfolioevolver\portfolioevolver\debug\selector.obj
e:\portfolioevolver\portfolioevolver\debug\structheader.obj
e:\portfolioevolver\portfolioevolver\debug\tournamentselection.obj
e:\portfolioevolver\debug\portfolioevolver.ilk
e:\portfolioevolver\debug\portfolioevolver.exe
e:\portfolioevolver\debug\portfolioevolver.pdb
e:\portfolioevolver\portfolioevolver\debug\portfolioevolver.tlog\cl.read.1.tlog
e:\portfolioevolver\portfolioevolver\debug\portfolioevolver.tlog\cl.write.1.tlog
e:\portfolioevolver\portfolioevolver\debug\portfolioevolver.tlog\cl.command.1.tlog
e:\portfolioevolver\portfolioevolver\debug\portfolioevolver.tlog\link.command.1.tlog
e:\portfolioevolver\portfolioevolver\debug\portfolioevolver.tlog\link.read.1.tlog
e:\portfolioevolver\portfolioevolver\debug\portfolioevolver.tlog\link.write.1.tlog
